
> playground@0.1.0 dev /home/cesar/footsteps/app
> next dev "--port" "3002"

   ▲ Next.js 15.2.2
   - Local:        http://localhost:3002
   - Network:      http://10.255.255.254:3002
   - Environments: .env

 ✓ Starting...
 ✓ Ready in 1122ms
 ⚠ Your project has `@next/font` installed as a dependency, please use the built-in `next/font` instead. The `@next/font` package will be removed in Next.js 14. You can migrate by running `npx @next/codemod@latest built-in-next-font .`. Read more: https://nextjs.org/docs/messages/built-in-next-font
 ○ Compiling / ...
 ✓ Compiled / in 1041ms (699 modules)
 GET / 200 in 1217ms
 ✓ Compiled in 91ms (325 modules)
 ○ Compiling /verify ...
 ✓ Compiled /verify in 3.7s (1281 modules)
[WebSocket] Initializing websocket module.
 GET /verify 200 in 3966ms
 ✓ Compiled /favicon.ico in 179ms (710 modules)
 GET /favicon.ico 200 in 476ms
 GET / 200 in 79ms
 GET /favicon.ico 200 in 209ms
 ✓ Compiled /api/verify in 312ms (773 modules)
{
  proof: {
    a: [
      '15919647353504064204750331093564293323162339960383230011228100769419234458704',
      '19369322388540240796807186518476782366916360442781884370856723262312772042615'
    ],
    b: [ [Array], [Array] ],
    c: [
      '6870539893537609392989933511540430109743249699421364573530212033030996332578',
      '20490400426289322176516535577807425515940388128743706737487255715642768684571'
    ],
    protocol: 'groth16',
    curve: ''
  },
  publicSignals: [
    '0',
    '104974056514807040022473273876258729896969411582978218858119168',
    '1773781688717606310397756023428205332782362187156068670010833396561870848',
    '6818352527182560077653388211384938507686473',
    '0',
    '0',
    '0',
    '21286736759183351646724370253249729458389196086385697542421129456345387320709',
    '1',
    '11861667508243881436472186491991656031410417142713653443028597465825646074108',
    '2',
    '5',
    '0',
    '3',
    '1',
    '5',
    '17359956125106148146828355805271472653597249114301196742546733402427978706344',
    '7420120618403967585712321281997181302561301414016003514649937965499789236588',
    '16836358042995742879630198413873414945978677264752036026400967422611478610995',
    '1115101108102045112108097121103114111117110100',
    '244669770942045639485097957844043806825'
  ]
}
Extracted userId from verification result: b811af0f-c4da-487b-a422-ec403005b869
{
  a: [
    '15919647353504064204750331093564293323162339960383230011228100769419234458704',
    '19369322388540240796807186518476782366916360442781884370856723262312772042615'
  ],
  b: [
    [
      '15027173415834177306211639270359160416150464609897800710719535336811289957804',
      '1315149274484956868637725749883769425300311145498954429637683587228334926640'
    ],
    [
      '6185328820721492989496890829167806717274459104912413281653468198923276835806',
      '1239310179662928460290392286807889715485446409110389113346940477374226382384'
    ]
  ],
  c: [
    '6870539893537609392989933511540430109743249699421364573530212033030996332578',
    '20490400426289322176516535577807425515940388128743706737487255715642768684571'
  ],
  protocol: 'groth16',
  curve: ''
}
[
  '0',
  '104974056514807040022473273876258729896969411582978218858119168',
  '1773781688717606310397756023428205332782362187156068670010833396561870848',
  '6818352527182560077653388211384938507686473',
  '0',
  '0',
  '0',
  '21286736759183351646724370253249729458389196086385697542421129456345387320709',
  '1',
  '11861667508243881436472186491991656031410417142713653443028597465825646074108',
  '2',
  '5',
  '0',
  '3',
  '1',
  '5',
  '17359956125106148146828355805271472653597249114301196742546733402427978706344',
  '7420120618403967585712321281997181302561301414016003514649937965499789236588',
  '16836358042995742879630198413873414945978677264752036026400967422611478610995',
  '1115101108102045112108097121103114111117110100',
  '244669770942045639485097957844043806825'
]
Verification result: {
  isValid: true,
  isValidDetails: {
    isValidScope: true,
    isValidAttestationId: true,
    isValidProof: true,
    isValidNationality: true
  },
  userId: 'b811af0f-c4da-487b-a422-ec403005b869',
  application: 'self-playground',
  nullifier: '21286736759183351646724370253249729458389196086385697542421129456345387320709',
  credentialSubject: {
    merkle_root: '11861667508243881436472186491991656031410417142713653443028597465825646074108',
    attestation_id: '1',
    current_date: '2025-03-15T22:18:27.576Z',
    issuing_state: '\x00\x00\x00',
    name: Result(2) [
      '',
      '\x00\x00\x00\x00\x00\x00\x00\x00\x00\x00\x00\x00\x00\x00\x00\x00\x00\x00\x00\x00\x00\x00\x00\x00\x00\x00\x00\x00\x00\x00\x00\x00\x00\x00\x00\x00\x00\x00\x00'
    ],
    passport_number: '\x00\x00\x00\x00\x00\x00\x00\x00\x00',
    nationality: 'USA',
    date_of_birth: '\x00\x00-\x00\x00-\x00\x00',
    gender: '\x00',
    expiry_date: '\x00\x00-\x00\x00-\x00\x00',
    older_than: '18',
    passport_no_ofac: false,
    name_and_dob_ofac: true,
    name_and_yob_ofac: false
  },
  proof: { value: { proof: [Object], publicSignals: [Array] } },
  error: ''
}
 POST /api/verify 200 in 718ms
 ELIFECYCLE  Command failed.
[?25h
